Ligne 60: La classe MSDataGridLib.DataGrid du contrôle DataGrid1 n'est pas une classe de contrôle chargée.
Ligne 213: La classe MSAdodcLib.Adodc du contrôle Adodc1 n'est pas une classe de contrôle chargée.
Ligne 61: Le nom de la propriété Bindings dans DataGrid1 est incorrect.
Ligne 67: Le nom de la propriété _ExtentX dans DataGrid1 est incorrect.
Ligne 68: Le nom de la propriété _ExtentY dans DataGrid1 est incorrect.
Ligne 69: Le nom de la propriété _Version dans DataGrid1 est incorrect.
Ligne 70: Le nom de la propriété AllowUpdate dans DataGrid1 est incorrect.
Ligne 72: Le nom de la propriété HeadLines dans DataGrid1 est incorrect.
Ligne 73: Le nom de la propriété RowHeight dans DataGrid1 est incorrect.
Ligne 74: Le nom de la propriété FormatLocked dans DataGrid1 est incorrect.
Ligne 83: Le nom de la propriété HeadFont dans DataGrid1 est incorrect.
Ligne 93: Le nom de la propriété ColumnCount dans DataGrid1 est incorrect.
Ligne 106: Le nom de la propriété Column00 dans DataGrid1 est incorrect.
Ligne 119: Le nom de la propriété Column01 dans DataGrid1 est incorrect.
Ligne 132: Le nom de la propriété Column02 dans DataGrid1 est incorrect.
Ligne 145: Le nom de la propriété Column03 dans DataGrid1 est incorrect.
Ligne 158: Le nom de la propriété Column04 dans DataGrid1 est incorrect.
Ligne 171: Le nom de la propriété Column05 dans DataGrid1 est incorrect.
Ligne 184: Le nom de la propriété Column06 dans DataGrid1 est incorrect.
Ligne 185: Le nom de la propriété SplitCount dans DataGrid1 est incorrect.
Ligne 211: Le nom de la propriété Split0 dans DataGrid1 est incorrect.
Ligne 219: Le nom de la propriété _ExtentX dans Adodc1 est incorrect.
Ligne 220: Le nom de la propriété _ExtentY dans Adodc1 est incorrect.
Ligne 221: Le nom de la propriété ConnectMode dans Adodc1 est incorrect.
Ligne 222: Le nom de la propriété CursorLocation dans Adodc1 est incorrect.
Ligne 223: Le nom de la propriété IsolationLevel dans Adodc1 est incorrect.
Ligne 224: Le nom de la propriété ConnectionTimeout dans Adodc1 est incorrect.
Ligne 225: Le nom de la propriété CommandTimeout dans Adodc1 est incorrect.
Ligne 226: Le nom de la propriété CursorType dans Adodc1 est incorrect.
Ligne 227: Le nom de la propriété LockType dans Adodc1 est incorrect.
Ligne 228: Le nom de la propriété CommandType dans Adodc1 est incorrect.
Ligne 229: Le nom de la propriété CursorOptions dans Adodc1 est incorrect.
Ligne 230: Le nom de la propriété CacheSize dans Adodc1 est incorrect.
Ligne 231: Le nom de la propriété MaxRecords dans Adodc1 est incorrect.
Ligne 232: Le nom de la propriété BOFAction dans Adodc1 est incorrect.
Ligne 233: Le nom de la propriété EOFAction dans Adodc1 est incorrect.
Ligne 234: Le nom de la propriété ConnectStringType dans Adodc1 est incorrect.
Ligne 238: Le nom de la propriété Orientation dans Adodc1 est incorrect.
Ligne 240: Le nom de la propriété Connect dans Adodc1 est incorrect.
Ligne 241: Le nom de la propriété OLEDBString dans Adodc1 est incorrect.
Ligne 242: Le nom de la propriété OLEDBFile dans Adodc1 est incorrect.
Ligne 243: Le nom de la propriété DataSourceName dans Adodc1 est incorrect.
Ligne 244: Le nom de la propriété OtherAttributes dans Adodc1 est incorrect.
Ligne 245: Le nom de la propriété UserName dans Adodc1 est incorrect.
Ligne 246: Le nom de la propriété Password dans Adodc1 est incorrect.
Ligne 247: Le nom de la propriété RecordSource dans Adodc1 est incorrect.
Ligne 248: Le nom de la propriété Caption dans Adodc1 est incorrect.
Ligne 258: Le nom de la propriété _Version dans Adodc1 est incorrect.
